0 info it worked if it ends with ok
1 verbose cli [ '/usr/local/Cellar/node/0.10.22/bin/node',
1 verbose cli   '/usr/local/bin/npm',
1 verbose cli   'install',
1 verbose cli   '-g',
1 verbose cli   'nave' ]
2 info using npm@1.3.14
3 info using node@v0.10.22
4 verbose cache add [ 'nave', null ]
5 verbose cache add name=undefined spec="nave" args=["nave",null]
6 verbose parsed url { protocol: null,
6 verbose parsed url   slashes: null,
6 verbose parsed url   auth: null,
6 verbose parsed url   host: null,
6 verbose parsed url   port: null,
6 verbose parsed url   hostname: null,
6 verbose parsed url   hash: null,
6 verbose parsed url   search: null,
6 verbose parsed url   query: null,
6 verbose parsed url   pathname: 'nave',
6 verbose parsed url   path: 'nave',
6 verbose parsed url   href: 'nave' }
7 silly lockFile eee8cf25-nave nave
8 verbose lock nave /Users/jason/.npm/eee8cf25-nave.lock
9 silly lockFile eee8cf25-nave nave
10 silly lockFile eee8cf25-nave nave
11 verbose addNamed [ 'nave', '' ]
12 verbose addNamed [ null, '*' ]
13 silly lockFile 1db6d0e1-nave nave@
14 verbose lock nave@ /Users/jason/.npm/1db6d0e1-nave.lock
15 silly addNameRange { name: 'nave', range: '*', hasData: false }
16 verbose url raw nave
17 verbose url resolving [ 'https://registry.npmjs.org/', './nave' ]
18 verbose url resolved https://registry.npmjs.org/nave
19 info trying registry request attempt 1 at 18:02:27
20 http GET https://registry.npmjs.org/nave
21 http 200 https://registry.npmjs.org/nave
22 silly registry.get cb [ 200,
22 silly registry.get   { vary: 'Accept',
22 silly registry.get     server: 'CouchDB/1.5.0 (Erlang OTP/R15B03)',
22 silly registry.get     etag: '"BK38AM5TPBDWD8IXB37C0ZLMT"',
22 silly registry.get     date: 'Mon, 18 Nov 2013 02:02:27 GMT',
22 silly registry.get     'content-type': 'application/json',
22 silly registry.get     'content-length': '113712' } ]
23 silly addNameRange number 2 { name: 'nave', range: '*', hasData: true }
24 silly addNameRange versions [ 'nave',
24 silly addNameRange   [ '0.0.5',
24 silly addNameRange     '0.0.6',
24 silly addNameRange     '0.0.7',
24 silly addNameRange     '0.1.1',
24 silly addNameRange     '0.1.2',
24 silly addNameRange     '0.1.3',
24 silly addNameRange     '0.1.4',
24 silly addNameRange     '0.1.5',
24 silly addNameRange     '0.1.6',
24 silly addNameRange     '0.1.7',
24 silly addNameRange     '0.1.8',
24 silly addNameRange     '0.2.0',
24 silly addNameRange     '0.2.1',
24 silly addNameRange     '0.2.3',
24 silly addNameRange     '0.2.4',
24 silly addNameRange     '0.2.5',
24 silly addNameRange     '0.2.6',
24 silly addNameRange     '0.2.7',
24 silly addNameRange     '0.2.8',
24 silly addNameRange     '0.2.9',
24 silly addNameRange     '0.2.10',
24 silly addNameRange     '0.2.11',
24 silly addNameRange     '0.2.12',
24 silly addNameRange     '0.2.13',
24 silly addNameRange     '0.2.14',
24 silly addNameRange     '0.3.0',
24 silly addNameRange     '0.3.1',
24 silly addNameRange     '0.4.0',
24 silly addNameRange     '0.4.1',
24 silly addNameRange     '0.4.2',
24 silly addNameRange     '0.4.3',
24 silly addNameRange     '0.4.4',
24 silly addNameRange     '0.4.5' ] ]
25 verbose addNamed [ 'nave', '0.4.5' ]
26 verbose addNamed [ '0.4.5', '0.4.5' ]
27 silly lockFile 2c51189c-nave-0-4-5 nave@0.4.5
28 verbose lock nave@0.4.5 /Users/jason/.npm/2c51189c-nave-0-4-5.lock
29 silly lockFile 87d14f77-ry-npmjs-org-nave-nave-0-4-5-tgz https://registry.npmjs.org/nave/-/nave-0.4.5.tgz
30 verbose lock https://registry.npmjs.org/nave/-/nave-0.4.5.tgz /Users/jason/.npm/87d14f77-ry-npmjs-org-nave-nave-0-4-5-tgz.lock
31 verbose addRemoteTarball [ 'https://registry.npmjs.org/nave/-/nave-0.4.5.tgz',
31 verbose addRemoteTarball   'f45bd6743f534c4b8f7ed5ab058ad67b4dae8657' ]
32 info retry fetch attempt 1 at 18:02:28
33 verbose fetch to= /var/folders/m8/5nth6g0s4sl8g5sm0ygprbr40000gn/T/npm-76986-e8Vr72Bs/1384740148044-0.5017682826146483/tmp.tgz
34 http GET https://registry.npmjs.org/nave/-/nave-0.4.5.tgz
35 http 200 https://registry.npmjs.org/nave/-/nave-0.4.5.tgz
36 verbose tar unpack /var/folders/m8/5nth6g0s4sl8g5sm0ygprbr40000gn/T/npm-76986-e8Vr72Bs/1384740148044-0.5017682826146483/tmp.tgz
37 silly lockFile 65c35578-48044-0-5017682826146483-package tar:///var/folders/m8/5nth6g0s4sl8g5sm0ygprbr40000gn/T/npm-76986-e8Vr72Bs/1384740148044-0.5017682826146483/package
38 verbose lock tar:///var/folders/m8/5nth6g0s4sl8g5sm0ygprbr40000gn/T/npm-76986-e8Vr72Bs/1384740148044-0.5017682826146483/package /Users/jason/.npm/65c35578-48044-0-5017682826146483-package.lock
39 silly lockFile a5ab6c53-48044-0-5017682826146483-tmp-tgz tar:///var/folders/m8/5nth6g0s4sl8g5sm0ygprbr40000gn/T/npm-76986-e8Vr72Bs/1384740148044-0.5017682826146483/tmp.tgz
40 verbose lock tar:///var/folders/m8/5nth6g0s4sl8g5sm0ygprbr40000gn/T/npm-76986-e8Vr72Bs/1384740148044-0.5017682826146483/tmp.tgz /Users/jason/.npm/a5ab6c53-48044-0-5017682826146483-tmp-tgz.lock
41 silly gunzTarPerm modes [ '755', '644' ]
42 silly gunzTarPerm extractEntry package.json
43 silly gunzTarPerm extractEntry .npmignore
44 silly gunzTarPerm extractEntry README.md
45 silly gunzTarPerm extractEntry LICENSE
46 silly gunzTarPerm extractEntry AUTHORS
47 silly gunzTarPerm extractEntry nave.sh
48 silly lockFile 65c35578-48044-0-5017682826146483-package tar:///var/folders/m8/5nth6g0s4sl8g5sm0ygprbr40000gn/T/npm-76986-e8Vr72Bs/1384740148044-0.5017682826146483/package
49 silly lockFile 65c35578-48044-0-5017682826146483-package tar:///var/folders/m8/5nth6g0s4sl8g5sm0ygprbr40000gn/T/npm-76986-e8Vr72Bs/1384740148044-0.5017682826146483/package
50 silly lockFile a5ab6c53-48044-0-5017682826146483-tmp-tgz tar:///var/folders/m8/5nth6g0s4sl8g5sm0ygprbr40000gn/T/npm-76986-e8Vr72Bs/1384740148044-0.5017682826146483/tmp.tgz
51 silly lockFile a5ab6c53-48044-0-5017682826146483-tmp-tgz tar:///var/folders/m8/5nth6g0s4sl8g5sm0ygprbr40000gn/T/npm-76986-e8Vr72Bs/1384740148044-0.5017682826146483/tmp.tgz
52 verbose tar pack [ '/Users/jason/.npm/nave/0.4.5/package.tgz',
52 verbose tar pack   '/var/folders/m8/5nth6g0s4sl8g5sm0ygprbr40000gn/T/npm-76986-e8Vr72Bs/1384740148044-0.5017682826146483/package' ]
53 verbose tarball /Users/jason/.npm/nave/0.4.5/package.tgz
54 verbose folder /var/folders/m8/5nth6g0s4sl8g5sm0ygprbr40000gn/T/npm-76986-e8Vr72Bs/1384740148044-0.5017682826146483/package
55 silly lockFile 65c35578-48044-0-5017682826146483-package tar:///var/folders/m8/5nth6g0s4sl8g5sm0ygprbr40000gn/T/npm-76986-e8Vr72Bs/1384740148044-0.5017682826146483/package
56 verbose lock tar:///var/folders/m8/5nth6g0s4sl8g5sm0ygprbr40000gn/T/npm-76986-e8Vr72Bs/1384740148044-0.5017682826146483/package /Users/jason/.npm/65c35578-48044-0-5017682826146483-package.lock
57 silly lockFile fcf68000-jason-npm-nave-0-4-5-package-tgz tar:///Users/jason/.npm/nave/0.4.5/package.tgz
58 verbose lock tar:///Users/jason/.npm/nave/0.4.5/package.tgz /Users/jason/.npm/fcf68000-jason-npm-nave-0-4-5-package-tgz.lock
59 silly lockFile 65c35578-48044-0-5017682826146483-package tar:///var/folders/m8/5nth6g0s4sl8g5sm0ygprbr40000gn/T/npm-76986-e8Vr72Bs/1384740148044-0.5017682826146483/package
60 silly lockFile 65c35578-48044-0-5017682826146483-package tar:///var/folders/m8/5nth6g0s4sl8g5sm0ygprbr40000gn/T/npm-76986-e8Vr72Bs/1384740148044-0.5017682826146483/package
61 silly lockFile fcf68000-jason-npm-nave-0-4-5-package-tgz tar:///Users/jason/.npm/nave/0.4.5/package.tgz
62 silly lockFile fcf68000-jason-npm-nave-0-4-5-package-tgz tar:///Users/jason/.npm/nave/0.4.5/package.tgz
63 silly lockFile 79b0ec7d-ers-jason-npm-nave-0-4-5-package /Users/jason/.npm/nave/0.4.5/package
64 verbose lock /Users/jason/.npm/nave/0.4.5/package /Users/jason/.npm/79b0ec7d-ers-jason-npm-nave-0-4-5-package.lock
65 silly lockFile 79b0ec7d-ers-jason-npm-nave-0-4-5-package /Users/jason/.npm/nave/0.4.5/package
66 silly lockFile 79b0ec7d-ers-jason-npm-nave-0-4-5-package /Users/jason/.npm/nave/0.4.5/package
67 verbose tar unpack /Users/jason/.npm/nave/0.4.5/package.tgz
68 silly lockFile d9a242a3-ers-jason-npm-nave-0-4-5-package tar:///Users/jason/.npm/nave/0.4.5/package
69 verbose lock tar:///Users/jason/.npm/nave/0.4.5/package /Users/jason/.npm/d9a242a3-ers-jason-npm-nave-0-4-5-package.lock
70 silly lockFile fcf68000-jason-npm-nave-0-4-5-package-tgz tar:///Users/jason/.npm/nave/0.4.5/package.tgz
71 verbose lock tar:///Users/jason/.npm/nave/0.4.5/package.tgz /Users/jason/.npm/fcf68000-jason-npm-nave-0-4-5-package-tgz.lock
72 silly gunzTarPerm modes [ '755', '644' ]
73 silly gunzTarPerm extractEntry package.json
74 silly gunzTarPerm extractEntry .npmignore
75 silly gunzTarPerm extractEntry README.md
76 silly gunzTarPerm extractEntry LICENSE
77 silly gunzTarPerm extractEntry AUTHORS
78 silly gunzTarPerm extractEntry nave.sh
79 silly lockFile d9a242a3-ers-jason-npm-nave-0-4-5-package tar:///Users/jason/.npm/nave/0.4.5/package
80 silly lockFile d9a242a3-ers-jason-npm-nave-0-4-5-package tar:///Users/jason/.npm/nave/0.4.5/package
81 silly lockFile fcf68000-jason-npm-nave-0-4-5-package-tgz tar:///Users/jason/.npm/nave/0.4.5/package.tgz
82 silly lockFile fcf68000-jason-npm-nave-0-4-5-package-tgz tar:///Users/jason/.npm/nave/0.4.5/package.tgz
83 verbose chmod /Users/jason/.npm/nave/0.4.5/package.tgz 644
84 verbose chown /Users/jason/.npm/nave/0.4.5/package.tgz [ 501, 20 ]
85 silly lockFile 87d14f77-ry-npmjs-org-nave-nave-0-4-5-tgz https://registry.npmjs.org/nave/-/nave-0.4.5.tgz
86 silly lockFile 87d14f77-ry-npmjs-org-nave-nave-0-4-5-tgz https://registry.npmjs.org/nave/-/nave-0.4.5.tgz
87 silly lockFile 2c51189c-nave-0-4-5 nave@0.4.5
88 silly lockFile 2c51189c-nave-0-4-5 nave@0.4.5
89 silly lockFile 1db6d0e1-nave nave@
90 silly lockFile 1db6d0e1-nave nave@
91 silly resolved [ { name: 'nave',
91 silly resolved     author: { name: 'Isaac Z. Schlueter', email: 'i@izs.me' },
91 silly resolved     description: 'Virtual Environments for Node',
91 silly resolved     version: '0.4.5',
91 silly resolved     preferGlobal: true,
91 silly resolved     bin: { nave: './nave.sh' },
91 silly resolved     LICENSE: 'BSD',
91 silly resolved     contributors: [ [Object], [Object], [Object], [Object], [Object], [Object] ],
91 silly resolved     readme: '# nave\n\nVirtual Environments for Node\n\n## Installation\n\nIf you want a global `nave` command, you could install this thing with npm.\nBut that\'s not really necessary.  You can run the `nave.sh` shell script\nfrom here, or symlink it wherever you want.\n\n## Usage\n\n    Usage: nave <cmd>\n\n    Commands:\n\n    install <version>    Install the version passed (ex: 0.1.103)\n    use <version>        Enter a subshell where <version> is being used\n    use <ver> <program>  Enter a subshell, and run "<program>", then exit\n    use <name> <ver>     Create a named env, using the specified version.\n                         If the name already exists, but the version differs,\n                         then it will update the link.\n    usemain <version>    Install in /usr/local/bin (ie, use as your main nodejs)\n    clean <version>      Delete the source code for <version>\n    uninstall <version>  Delete the install for <version>\n    ls                   List versions currently installed\n    ls-remote            List remote node versions\n    ls-all               List remote and local node versions\n    latest               Show the most recent dist version\n    help                 Output help information\n\n    <version> can be the string "latest" to get the latest distribution.\n    <version> can be the string "stable" to get the latest stable version.\n\nThat\'s about it.  Enjoy.\n\nWhen you\'re done using a specific version of node, just exit the shell to return\nto where you were before using nave.\n\n## env vars\n\n* `$NAVE` The current shell.  Either a version, or a name and version.\n* `$NAVENAME` The name of the current shell.  Equal to `$NAVEVERSION` in\n  unnammed environments.\n* `$NAVEVERSION` The version of node that the current shell is pointing\n  to.  (This should comply with `node -v`.)\n* `$NAVELVL` The level of nesting in the subshell.\n* `$NAVE_DEBUG` Set to 1 to run nave in `bash -x` style.\n* `$NAVE_DIR` Set to the location where you\'d like nave to do its\n  business.  Defaults to `~/.nave`.\n* `$NAVE_CONFIG` Set this to an array of arguments to pass to\n  `./configure`.  Defaults to `("--debug")`.  (Note that parens are\n  required to supply multiple arguments.  I use `("--debug"\n  "--without-npm")` on my own system, since I\'m usually using nave to\n  test npm, so installing it in the subshell doesn\'t help much.)  This\n  can be set in the `~/.naverc` file, or in your normal\n  `~/.bash{rc,_profile}` files.\n* `$NAVE_JOBS` If set, this will be the number of jobs to run when\n  building node.  If this isn\'t set, it\'ll use the `$JOBS` env, then try\n  to guess a reasonable value based on the number of CPUs, then fall\n  back on 2 if `sysctl -n hw.ncpu` fails.\n\n## Compatibility\n\nPrior to version 0.2, nave would run programs as `node <program>`.\nHowever, this is somewhat more limiting, so was dropped.  If you prefer the\nold style, just prefix your command with `node`.\n\nNave requires bash.  It will probably never work on Windows, or other systems\nlack a native Bourne Again Shell.  Sorry.\n\nNave logins work with bash and zsh.  If your shell doesn\'t set the\n`BASH` environment variable, then nave assumes you\'re using zsh.  As\nsuch, strange archaic shells like sh, csh, tcsh, ksh, and the like will not\nwork.\n\n\n## Configuration\n\nNave will source `~/.naverc` on initialization of a new subshell, if it\nexists and is readable.\n\nYou may control the place where nave puts things by setting the\n`NAVE_DIR` environment variable.  However, note that this must be set\nsomewhere *other* than `~/.naverc`, since it needs to be set in the\n*parent* shell where the `nave` command is invoked.\n\nBy default, nave puts its stuff in `~/.nave/`.  If this directory does\nnot exist and cannot be created, then it will attempt to use the location\nof the nave.sh bash script itself.  If it cannot write to this location,\nthen it will exit with an error.\n\n## Credits\n\nnave borrows concepts, inspiration, and code from Tim Caswell\'s "nvm" and Kris\nKowal\'s "sea" programs.\n\nSea is really nice, but is very tied to Narwhal.  Also, it\'s a require.paths\nmanager, which nave is not.\n\nNvm is also really nice, but has to be sourced rather than being run, and\nthus is a little bit wonky for some use cases.  But it doesn\'t involve\nsubshells, which makes it better for some others.\n',
91 silly resolved     readmeFilename: 'README.md',
91 silly resolved     _id: 'nave@0.4.5',
91 silly resolved     dist: { shasum: 'd6389f318ec6c9805051b05734ccd16fd89a18c9' },
91 silly resolved     _from: 'nave@',
91 silly resolved     _resolved: 'https://registry.npmjs.org/nave/-/nave-0.4.5.tgz' } ]
92 info install nave@0.4.5 into /usr/local/share/npm/lib
93 info installOne nave@0.4.5
94 info /usr/local/share/npm/lib/node_modules/nave unbuild
95 verbose tar unpack /Users/jason/.npm/nave/0.4.5/package.tgz
96 silly lockFile 96f5e1cc--share-npm-lib-node-modules-nave tar:///usr/local/share/npm/lib/node_modules/nave
97 verbose lock tar:///usr/local/share/npm/lib/node_modules/nave /Users/jason/.npm/96f5e1cc--share-npm-lib-node-modules-nave.lock
98 silly lockFile fcf68000-jason-npm-nave-0-4-5-package-tgz tar:///Users/jason/.npm/nave/0.4.5/package.tgz
99 verbose lock tar:///Users/jason/.npm/nave/0.4.5/package.tgz /Users/jason/.npm/fcf68000-jason-npm-nave-0-4-5-package-tgz.lock
100 silly gunzTarPerm modes [ '755', '644' ]
101 error Error: EACCES, mkdir '/usr/local/share/npm/lib/node_modules/nave'
101 error  { [Error: EACCES, mkdir '/usr/local/share/npm/lib/node_modules/nave']
101 error   errno: 3,
101 error   code: 'EACCES',
101 error   path: '/usr/local/share/npm/lib/node_modules/nave',
101 error   fstream_type: 'Directory',
101 error   fstream_path: '/usr/local/share/npm/lib/node_modules/nave',
101 error   fstream_class: 'DirWriter',
101 error   fstream_stack:
101 error    [ '/usr/local/Cellar/node/0.10.22/lib/node_modules/npm/node_modules/fstream/lib/dir-writer.js:36:23',
101 error      '/usr/local/Cellar/node/0.10.22/lib/node_modules/npm/node_modules/mkdirp/index.js:37:53',
101 error      'Object.oncomplete (fs.js:107:15)' ] }
102 error Please try running this command again as root/Administrator.
103 error System Darwin 13.0.0
104 error command "/usr/local/Cellar/node/0.10.22/bin/node" "/usr/local/bin/npm" "install" "-g" "nave"
105 error cwd /Users/jason/Dropbox/dotfiles/thejase/dotfiles
106 error node -v v0.10.22
107 error npm -v 1.3.14
108 error path /usr/local/share/npm/lib/node_modules/nave
109 error fstream_path /usr/local/share/npm/lib/node_modules/nave
110 error fstream_type Directory
111 error fstream_class DirWriter
112 error code EACCES
113 error errno 3
114 error stack Error: EACCES, mkdir '/usr/local/share/npm/lib/node_modules/nave'
115 error fstream_stack /usr/local/Cellar/node/0.10.22/lib/node_modules/npm/node_modules/fstream/lib/dir-writer.js:36:23
115 error fstream_stack /usr/local/Cellar/node/0.10.22/lib/node_modules/npm/node_modules/mkdirp/index.js:37:53
115 error fstream_stack Object.oncomplete (fs.js:107:15)
116 verbose exit [ 3, true ]
